<?xml version="1.0" encoding="utf-8"?><testsuites name="pytest tests"><testsuite name="pytest" errors="0" failures="0" skipped="0" tests="20" time="73.656" timestamp="2026-07-30T16:23:59.258243+00:00" hostname="agent-env-3c48dbef-197b-4c3b-8cf0-37018da632d0"><testcase classname="tests.test_vulnscan_backend.TestAuth" name="test_root" time="0.314" /><testcase classname="tests.test_vulnscan_backend.TestAuth" name="test_register_new_user" time="0.133" /><testcase classname="tests.test_vulnscan_backend.TestAuth" name="test_register_duplicate" time="0.070" /><testcase classname="tests.test_vulnscan_backend.TestAuth" name="test_login_demo" time="0.129" /><testcase classname="tests.test_vulnscan_backend.TestAuth" name="test_login_wrong_password" time="0.127" /><testcase classname="tests.test_vulnscan_backend.TestAuth" name="test_me_with_token" time="0.068" /><testcase classname="tests.test_vulnscan_backend.TestAuth" name="test_me_without_token" time="0.069" /><testcase classname="tests.test_vulnscan_backend.TestAuth" name="test_scans_requires_auth" time="0.068" /><testcase classname="tests.test_vulnscan_backend.TestScanLifecycle" name="test_create_scan" time="0.070" /><testcase classname="tests.test_vulnscan_backend.TestScanLifecycle" name="test_scan_progress_and_complete" time="40.670" /><testcase classname="tests.test_vulnscan_backend.TestScanLifecycle" name="test_list_scans" time="0.069" /><testcase classname="tests.test_vulnscan_backend.TestScanLifecycle" name="test_scan_isolation_between_users" time="0.265" /><testcase classname="tests.test_vulnscan_backend.TestScanLifecycle" name="test_vulnerabilities" time="0.098" /><testcase classname="tests.test_vulnscan_backend.TestScanLifecycle" name="test_ai_analyze" time="30.662" /><testcase classname="tests.test_vulnscan_backend.TestTerminal" name="test_terminal_ls" time="0.125" /><testcase classname="tests.test_vulnscan_backend.TestTerminal" name="test_terminal_blocks_dangerous" time="0.145" /><testcase classname="tests.test_vulnscan_backend.TestTerminal" name="test_terminal_jailed" time="0.075" /><testcase classname="tests.test_vulnscan_backend.TestReports" name="test_pdf" time="0.123" /><testcase classname="tests.test_vulnscan_backend.TestReports" name="test_md" time="0.102" /><testcase classname="tests.test_vulnscan_backend.TestDelete" name="test_delete_scan" time="0.217" /></testsuite></testsuites>